0 info it worked if it ends with ok
1 verbose cli [ '/home/vagrant/n/bin/node',
1 verbose cli   '/home/vagrant/n/bin/npm',
1 verbose cli   'start' ]
2 info using npm@3.7.5
3 info using node@v5.6.0
4 verbose run-script [ 'prestart', 'start', 'poststart' ]
5 info lifecycle Assignment6@0.0.0~prestart: Assignment6@0.0.0
6 silly lifecycle Assignment6@0.0.0~prestart: no script for prestart, continuing
7 info lifecycle Assignment6@0.0.0~start: Assignment6@0.0.0
8 verbose lifecycle Assignment6@0.0.0~start: unsafe-perm in lifecycle true
9 verbose lifecycle Assignment6@0.0.0~start: PATH: /home/vagrant/n/lib/node_modules/npm/bin/node-gyp-bin:/vagrant/shared/Assignment6/node_modules/.bin:/home/vagrant/n/bin:/home/vagrant/bin:/home/vagrant/.gem/ruby/1.9.1/bin:/usr/local/sbin:/usr/local/bin:/usr/sbin:/usr/bin:/sbin:/bin:/usr/games:/usr/local/games:/home/vagrant/n/bin
10 verbose lifecycle Assignment6@0.0.0~start: CWD: /vagrant/shared/Assignment6
11 silly lifecycle Assignment6@0.0.0~start: Args: [ '-c', 'node ./bin/www' ]
12 silly lifecycle Assignment6@0.0.0~start: Returned: code: 1  signal: null
13 info lifecycle Assignment6@0.0.0~start: Failed to exec start script
14 verbose stack Error: Assignment6@0.0.0 start: `node ./bin/www`
14 verbose stack Exit status 1
14 verbose stack     at EventEmitter.<anonymous> (/home/vagrant/n/lib/node_modules/npm/lib/utils/lifecycle.js:239:16)
14 verbose stack     at emitTwo (events.js:100:13)
14 verbose stack     at EventEmitter.emit (events.js:185:7)
14 verbose stack     at ChildProcess.<anonymous> (/home/vagrant/n/lib/node_modules/npm/lib/utils/spawn.js:24:14)
14 verbose stack     at emitTwo (events.js:100:13)
14 verbose stack     at ChildProcess.emit (events.js:185:7)
14 verbose stack     at maybeClose (internal/child_process.js:827:16)
14 verbose stack     at Process.ChildProcess._handle.onexit (internal/child_process.js:211:5)
15 verbose pkgid Assignment6@0.0.0
16 verbose cwd /vagrant/shared/Assignment6
17 error Linux 3.13.0-79-generic
18 error argv "/home/vagrant/n/bin/node" "/home/vagrant/n/bin/npm" "start"
19 error node v5.6.0
20 error npm  v3.7.5
21 error code ELIFECYCLE
22 error Assignment6@0.0.0 start: `node ./bin/www`
22 error Exit status 1
23 error Failed at the Assignment6@0.0.0 start script 'node ./bin/www'.
23 error Make sure you have the latest version of node.js and npm installed.
23 error If you do, this is most likely a problem with the Assignment6 package,
23 error not with npm itself.
23 error Tell the author that this fails on your system:
23 error     node ./bin/www
23 error You can get information on how to open an issue for this project with:
23 error     npm bugs Assignment6
23 error Or if that isn't available, you can get their info via:
23 error     npm owner ls Assignment6
23 error There is likely additional logging output above.
24 verbose exit [ 1, true ]
